

[+] Checking Older Archives...


[+] Archiving Data...
22/12/08 12:04:49 INFO client.RMProxy: Connecting to ResourceManager at /0.0.0.0:8032
22/12/08 12:04:49 INFO client.RMProxy: Connecting to ResourceManager at /0.0.0.0:8032
22/12/08 12:04:50 INFO client.RMProxy: Connecting to ResourceManager at /0.0.0.0:8032
22/12/08 12:04:50 INFO mapreduce.JobSubmitter: number of splits:1
22/12/08 12:04:50 INFO mapreduce.JobSubmitter: Submitting tokens for job: job_1670481149141_0001
22/12/08 12:04:50 INFO conf.Configuration: resource-types.xml not found
22/12/08 12:04:50 INFO resource.ResourceUtils: Unable to find 'resource-types.xml'.
22/12/08 12:04:50 INFO resource.ResourceUtils: Adding resource type - name = memory-mb, units = Mi, type = COUNTABLE
22/12/08 12:04:50 INFO resource.ResourceUtils: Adding resource type - name = vcores, units = , type = COUNTABLE
22/12/08 12:04:50 INFO impl.YarnClientImpl: Submitted application application_1670481149141_0001
22/12/08 12:04:50 INFO mapreduce.Job: The url to track the job: http://uvsingh-workstation:8088/proxy/application_1670481149141_0001/
22/12/08 12:04:50 INFO mapreduce.Job: Running job: job_1670481149141_0001
22/12/08 12:04:57 INFO mapreduce.Job: Job job_1670481149141_0001 running in uber mode : false
22/12/08 12:04:57 INFO mapreduce.Job:  map 0% reduce 0%
22/12/08 12:05:02 INFO mapreduce.Job:  map 100% reduce 0%
22/12/08 12:05:06 INFO mapreduce.Job:  map 100% reduce 100%
22/12/08 12:05:06 INFO mapreduce.Job: Job job_1670481149141_0001 completed successfully
22/12/08 12:05:06 INFO mapreduce.Job: Counters: 49
	File System Counters
		FILE: Number of bytes read=298
		FILE: Number of bytes written=421763
		FILE: Number of read operations=0
		FILE: Number of large read operations=0
		FILE: Number of write operations=0
		HDFS: Number of bytes read=24016832
		HDFS: Number of bytes written=24016673
		HDFS: Number of read operations=13
		HDFS: Number of large read operations=0
		HDFS: Number of write operations=11
	Job Counters 
		Launched map tasks=1
		Launched reduce tasks=1
		Other local map tasks=1
		Total time spent by all maps in occupied slots (ms)=2672
		Total time spent by all reduces in occupied slots (ms)=1798
		Total time spent by all map tasks (ms)=2672
		Total time spent by all reduce tasks (ms)=1798
		Total vcore-milliseconds taken by all map tasks=2672
		Total vcore-milliseconds taken by all reduce tasks=1798
		Total megabyte-milliseconds taken by all map tasks=2736128
		Total megabyte-milliseconds taken by all reduce tasks=1841152
	Map-Reduce Framework
		Map input records=3
		Map output records=3
		Map output bytes=286
		Map output materialized bytes=298
		Input split bytes=121
		Combine input records=0
		Combine output records=0
		Reduce input groups=3
		Reduce shuffle bytes=298
		Reduce input records=3
		Reduce output records=0
		Spilled Records=6
		Shuffled Maps =1
		Failed Shuffles=0
		Merged Map outputs=1
		GC time elapsed (ms)=95
		CPU time spent (ms)=1370
		Physical memory (bytes) snapshot=502419456
		Virtual memory (bytes) snapshot=3784183808
		Total committed heap usage (bytes)=321912832
	Shuffle Errors
		BAD_ID=0
		CONNECTION=0
		IO_ERROR=0
		WRONG_LENGTH=0
		WRONG_MAP=0
		WRONG_REDUCE=0
	File Input Format Counters 
		Bytes Read=334
	File Output Format Counters 
		Bytes Written=0
Deleted /user/hadoopusr/clickstream/archive_data/07-12-2022


[+] Creating current day directory...
